# JRE version: OpenJDK Runtime Environment Temurin-21.0.7+6 (21.0.7+6) (build 21.0.7+6-LTS)
# Java VM: OpenJDK 64-Bit Server VM Temurin-21.0.7+6 (21.0.7+6-LTS, mixed mode, sharing, tiered, compressed oops, compressed class ptrs, parallel gc, windows-amd64)
GC Precious Log:
 CardTable entry size: 512
 CPUs: 12 total, 12 available
 Memory: 7860M
 Large Page Support: Disabled
 NUMA Support: Disabled
 Compressed Oops: Enabled (32-bit)
 Alignments: Space 512K, Generation 512K, Heap 2M
 Heap Min Capacity: 100M
 Heap Initial Capacity: 100M
 Heap Max Capacity: 2G
 Pre-touch: Disabled
 Parallel Workers: 10
Heap:
 PSYoungGen      total 8704K, used 8630K [0x00000000d5580000, 0x00000000d6d00000, 0x0000000100000000)
  eden space 7680K, 99% used [0x00000000d5580000,0x00000000d5cf5388,0x00000000d5d00000)
  from space 1024K, 97% used [0x00000000d5f00000,0x00000000d5ff8748,0x00000000d6000000)
  to   space 8192K, 0% used [0x00000000d6500000,0x00000000d6500000,0x00000000d6d00000)
 ParOldGen       total 1392640K, used 1392228K [0x0000000080000000, 0x00000000d5000000, 0x00000000d5580000)
  object space 1392640K, 99% used [0x0000000080000000,0x00000000d4f99160,0x00000000d5000000)
 Metaspace       used 101801K, committed 103808K, reserved 1179648K
  class space    used 9908K, committed 10880K, reserved 1048576K
GC Heap History (20 events):
Event: 6127.488 GC heap after
{Heap after GC invocations=15088 (full 11):
 PSYoungGen      total 8704K, used 1002K [0x00000000d5580000, 0x00000000d6280000, 0x0000000100000000)
  eden space 7680K, 0% used [0x00000000d5580000,0x00000000d5580000,0x00000000d5d00000)
  from space 1024K, 97% used [0x00000000d6180000,0x00000000d627a910,0x00000000d6280000)
  to   space 1536K, 0% used [0x00000000d5f80000,0x00000000d5f80000,0x00000000d6100000)
 ParOldGen       total 1381888K, used 1381847K [0x0000000080000000, 0x00000000d4580000, 0x00000000d5580000)
  object space 1381888K, 99% used [0x0000000080000000,0x00000000d4575db8,0x00000000d4580000)
 Metaspace       used 101798K, committed 103744K, reserved 1179648K
  class space    used 9908K, committed 10880K, reserved 1048576K
}
Event: 6127.879 GC heap before
{Heap before GC invocations=15089 (full 11):
 PSYoungGen      total 8704K, used 8682K [0x00000000d5580000, 0x00000000d6280000, 0x0000000100000000)
  eden space 7680K, 99% used [0x00000000d5580000,0x00000000d5cffff0,0x00000000d5d00000)
  from space 1024K, 97% used [0x00000000d6180000,0x00000000d627a910,0x00000000d6280000)
  to   space 1536K, 0% used [0x00000000d5f80000,0x00000000d5f80000,0x00000000d6100000)
 ParOldGen       total 1381888K, used 1381847K [0x0000000080000000, 0x00000000d4580000, 0x00000000d5580000)
  object space 1381888K, 99% used [0x0000000080000000,0x00000000d4575db8,0x00000000d4580000)
 Metaspace       used 101798K, committed 103744K, reserved 1179648K
  class space    used 9908K, committed 10880K, reserved 1048576K
}
Event: 6127.882 GC heap after
{Heap after GC invocations=15089 (full 11):
 PSYoungGen      total 9216K, used 436K [0x00000000d5580000, 0x00000000d6200000, 0x0000000100000000)
  eden space 7680K, 0% used [0x00000000d5580000,0x00000000d5580000,0x00000000d5d00000)
  from space 1536K, 28% used [0x00000000d5f80000,0x00000000d5fed200,0x00000000d6100000)
  to   space 1024K, 0% used [0x00000000d6100000,0x00000000d6100000,0x00000000d6200000)
 ParOldGen       total 1382912K, used 1382731K [0x0000000080000000, 0x00000000d4680000, 0x00000000d5580000)
  object space 1382912K, 99% used [0x0000000080000000,0x00000000d4652fc8,0x00000000d4680000)
 Metaspace       used 101798K, committed 103744K, reserved 1179648K
  class space    used 9908K, committed 10880K, reserved 1048576K
}
Event: 6128.081 GC heap before
{Heap before GC invocations=15090 (full 11):
 PSYoungGen      total 9216K, used 8116K [0x00000000d5580000, 0x00000000d6200000, 0x0000000100000000)
  eden space 7680K, 100% used [0x00000000d5580000,0x00000000d5d00000,0x00000000d5d00000)
  from space 1536K, 28% used [0x00000000d5f80000,0x00000000d5fed200,0x00000000d6100000)
  to   space 1024K, 0% used [0x00000000d6100000,0x00000000d6100000,0x00000000d6200000)
 ParOldGen       total 1382912K, used 1382731K [0x0000000080000000, 0x00000000d4680000, 0x00000000d5580000)
  object space 1382912K, 99% used [0x0000000080000000,0x00000000d4652fc8,0x00000000d4680000)
 Metaspace       used 101798K, committed 103744K, reserved 1179648K
  class space    used 9908K, committed 10880K, reserved 1048576K
}
Event: 6128.083 GC heap after
{Heap after GC invocations=15090 (full 11):
 PSYoungGen      total 8192K, used 388K [0x00000000d5580000, 0x00000000d6180000, 0x0000000100000000)
  eden space 7680K, 0% used [0x00000000d5580000,0x00000000d5580000,0x00000000d5d00000)
  from space 512K, 75% used [0x00000000d6100000,0x00000000d6161210,0x00000000d6180000)
  to   space 512K, 0% used [0x00000000d6080000,0x00000000d6080000,0x00000000d6100000)
 ParOldGen       total 1382912K, used 1382795K [0x0000000080000000, 0x00000000d4680000, 0x00000000d5580000)
  object space 1382912K, 99% used [0x0000000080000000,0x00000000d4662fc8,0x00000000d4680000)
 Metaspace       used 101798K, committed 103744K, reserved 1179648K
  class space    used 9908K, committed 10880K, reserved 1048576K
}
Event: 6128.487 GC heap before
{Heap before GC invocations=15091 (full 11):
 PSYoungGen      total 8192K, used 8068K [0x00000000d5580000, 0x00000000d6180000, 0x0000000100000000)
  eden space 7680K, 100% used [0x00000000d5580000,0x00000000d5d00000,0x00000000d5d00000)
  from space 512K, 75% used [0x00000000d6100000,0x00000000d6161210,0x00000000d6180000)
  to   space 512K, 0% used [0x00000000d6080000,0x00000000d6080000,0x00000000d6100000)
 ParOldGen       total 1382912K, used 1382795K [0x0000000080000000, 0x00000000d4680000, 0x00000000d5580000)
  object space 1382912K, 99% used [0x0000000080000000,0x00000000d4662fc8,0x00000000d4680000)
 Metaspace       used 101798K, committed 103744K, reserved 1179648K
  class space    used 9908K, committed 10880K, reserved 1048576K
}
Event: 6128.490 GC heap after
{Heap after GC invocations=15091 (full 11):
 PSYoungGen      total 8192K, used 512K [0x00000000d5580000, 0x00000000d6180000, 0x0000000100000000)
  eden space 7680K, 0% used [0x00000000d5580000,0x00000000d5580000,0x00000000d5d00000)
  from space 512K, 100% used [0x00000000d6080000,0x00000000d6100000,0x00000000d6100000)
  to   space 512K, 0% used [0x00000000d6100000,0x00000000d6100000,0x00000000d6180000)
 ParOldGen       total 1383424K, used 1383000K [0x0000000080000000, 0x00000000d4700000, 0x00000000d5580000)
  object space 1383424K, 99% used [0x0000000080000000,0x00000000d46961d8,0x00000000d4700000)
 Metaspace       used 101798K, committed 103744K, reserved 1179648K
  class space    used 9908K, committed 10880K, reserved 1048576K
}
Event: 6128.891 GC heap before
{Heap before GC invocations=15092 (full 11):
 PSYoungGen      total 8192K, used 8192K [0x00000000d5580000, 0x00000000d6180000, 0x0000000100000000)
  eden space 7680K, 100% used [0x00000000d5580000,0x00000000d5d00000,0x00000000d5d00000)
  from space 512K, 100% used [0x00000000d6080000,0x00000000d6100000,0x00000000d6100000)
  to   space 512K, 0% used [0x00000000d6100000,0x00000000d6100000,0x00000000d6180000)
 ParOldGen       total 1383424K, used 1383000K [0x0000000080000000, 0x00000000d4700000, 0x00000000d5580000)
  object space 1383424K, 99% used [0x0000000080000000,0x00000000d46961d8,0x00000000d4700000)
 Metaspace       used 101798K, committed 103744K, reserved 1179648K
  class space    used 9908K, committed 10880K, reserved 1048576K
}
Event: 6128.893 GC heap after
{Heap after GC invocations=15092 (full 11):
 PSYoungGen      total 8192K, used 510K [0x00000000d5580000, 0x00000000d6180000, 0x0000000100000000)
  eden space 7680K, 0% used [0x00000000d5580000,0x00000000d5580000,0x00000000d5d00000)
  from space 512K, 99% used [0x00000000d6100000,0x00000000d617fb10,0x00000000d6180000)
  to   space 1536K, 0% used [0x00000000d5e80000,0x00000000d5e80000,0x00000000d6000000)
 ParOldGen       total 1383936K, used 1383850K [0x0000000080000000, 0x00000000d4780000, 0x00000000d5580000)
  object space 1383936K, 99% used [0x0000000080000000,0x00000000d476aae8,0x00000000d4780000)
 Metaspace       used 101798K, committed 103744K, reserved 1179648K
  class space    used 9908K, committed 10880K, reserved 1048576K
}
Event: 6129.358 GC heap before
{Heap before GC invocations=15093 (full 11):
 PSYoungGen      total 8192K, used 8190K [0x00000000d5580000, 0x00000000d6180000, 0x0000000100000000)
  eden space 7680K, 100% used [0x00000000d5580000,0x00000000d5d00000,0x00000000d5d00000)
  from space 512K, 99% used [0x00000000d6100000,0x00000000d617fb10,0x00000000d6180000)
  to   space 1536K, 0% used [0x00000000d5e80000,0x00000000d5e80000,0x00000000d6000000)
 ParOldGen       total 1383936K, used 1383850K [0x0000000080000000, 0x00000000d4780000, 0x00000000d5580000)
  object space 1383936K, 99% used [0x0000000080000000,0x00000000d476aae8,0x00000000d4780000)
 Metaspace       used 101798K, committed 103744K, reserved 1179648K
  class space    used 9908K, committed 10880K, reserved 1048576K
}
Event: 6129.361 GC heap after
{Heap after GC invocations=15093 (full 11):
 PSYoungGen      total 9216K, used 698K [0x00000000d5580000, 0x00000000d6180000, 0x0000000100000000)
  eden space 7680K, 0% used [0x00000000d5580000,0x00000000d5580000,0x00000000d5d00000)
  from space 1536K, 45% used [0x00000000d5e80000,0x00000000d5f2e900,0x00000000d6000000)
  to   space 1024K, 0% used [0x00000000d6080000,0x00000000d6080000,0x00000000d6180000)
 ParOldGen       total 1384448K, used 1384361K [0x0000000080000000, 0x00000000d4800000, 0x00000000d5580000)
  object space 1384448K, 99% used [0x0000000080000000,0x00000000d47ea5f8,0x00000000d4800000)
 Metaspace       used 101798K, committed 103744K, reserved 1179648K
  class space    used 9908K, committed 10880K, reserved 1048576K
}
Event: 6130.198 GC heap before
{Heap before GC invocations=15094 (full 11):
 PSYoungGen      total 9216K, used 8378K [0x00000000d5580000, 0x00000000d6180000, 0x0000000100000000)
  eden space 7680K, 100% used [0x00000000d5580000,0x00000000d5d00000,0x00000000d5d00000)
  from space 1536K, 45% used [0x00000000d5e80000,0x00000000d5f2e900,0x00000000d6000000)
  to   space 1024K, 0% used [0x00000000d6080000,0x00000000d6080000,0x00000000d6180000)
 ParOldGen       total 1384448K, used 1384361K [0x0000000080000000, 0x00000000d4800000, 0x00000000d5580000)
  object space 1384448K, 99% used [0x0000000080000000,0x00000000d47ea5f8,0x00000000d4800000)
 Metaspace       used 101798K, committed 103744K, reserved 1179648K
  class space    used 9908K, committed 10880K, reserved 1048576K
}
Event: 6130.201 GC heap after
{Heap after GC invocations=15094 (full 11):
 PSYoungGen      total 8704K, used 666K [0x00000000d5580000, 0x00000000d6180000, 0x0000000100000000)
  eden space 7680K, 0% used [0x00000000d5580000,0x00000000d5580000,0x00000000d5d00000)
  from space 1024K, 65% used [0x00000000d6080000,0x00000000d6126900,0x00000000d6180000)
  to   space 1024K, 0% used [0x00000000d5f80000,0x00000000d5f80000,0x00000000d6080000)
 ParOldGen       total 1384960K, used 1384889K [0x0000000080000000, 0x00000000d4880000, 0x00000000d5580000)
  object space 1384960K, 99% used [0x0000000080000000,0x00000000d486e5f8,0x00000000d4880000)
 Metaspace       used 101798K, committed 103744K, reserved 1179648K
  class space    used 9908K, committed 10880K, reserved 1048576K
}
Event: 6130.601 GC heap before
{Heap before GC invocations=15095 (full 11):
 PSYoungGen      total 8704K, used 8345K [0x00000000d5580000, 0x00000000d6180000, 0x0000000100000000)
  eden space 7680K, 99% used [0x00000000d5580000,0x00000000d5cffe58,0x00000000d5d00000)
  from space 1024K, 65% used [0x00000000d6080000,0x00000000d6126900,0x00000000d6180000)
  to   space 1024K, 0% used [0x00000000d5f80000,0x00000000d5f80000,0x00000000d6080000)
 ParOldGen       total 1384960K, used 1384889K [0x0000000080000000, 0x00000000d4880000, 0x00000000d5580000)
  object space 1384960K, 99% used [0x0000000080000000,0x00000000d486e5f8,0x00000000d4880000)
 Metaspace       used 101798K, committed 103744K, reserved 1179648K
  class space    used 9908K, committed 10880K, reserved 1048576K
}
Event: 6130.603 GC heap after
{Heap after GC invocations=15095 (full 11):
 PSYoungGen      total 8704K, used 996K [0x00000000d5580000, 0x00000000d6100000, 0x0000000100000000)
  eden space 7680K, 0% used [0x00000000d5580000,0x00000000d5580000,0x00000000d5d00000)
  from space 1024K, 97% used [0x00000000d5f80000,0x00000000d6079210,0x00000000d6080000)
  to   space 512K, 0% used [0x00000000d6080000,0x00000000d6080000,0x00000000d6100000)
 ParOldGen       total 1385472K, used 1385390K [0x0000000080000000, 0x00000000d4900000, 0x00000000d5580000)
  object space 1385472K, 99% used [0x0000000080000000,0x00000000d48eb808,0x00000000d4900000)
 Metaspace       used 101798K, committed 103744K, reserved 1179648K
  class space    used 9908K, committed 10880K, reserved 1048576K
}
Event: 6150.572 GC heap before
{Heap before GC invocations=15096 (full 11):
 PSYoungGen      total 8704K, used 8676K [0x00000000d5580000, 0x00000000d6100000, 0x0000000100000000)
  eden space 7680K, 99% used [0x00000000d5580000,0x00000000d5cfffd0,0x00000000d5d00000)
  from space 1024K, 97% used [0x00000000d5f80000,0x00000000d6079210,0x00000000d6080000)
  to   space 512K, 0% used [0x00000000d6080000,0x00000000d6080000,0x00000000d6100000)
 ParOldGen       total 1385472K, used 1385390K [0x0000000080000000, 0x00000000d4900000, 0x00000000d5580000)
  object space 1385472K, 99% used [0x0000000080000000,0x00000000d48eb808,0x00000000d4900000)
 Metaspace       used 101801K, committed 103808K, reserved 1179648K
  class space    used 9908K, committed 10880K, reserved 1048576K
}
Event: 6150.577 GC heap after
{Heap after GC invocations=15096 (full 11):
 PSYoungGen      total 8192K, used 384K [0x00000000d5580000, 0x00000000d6100000, 0x0000000100000000)
  eden space 7680K, 0% used [0x00000000d5580000,0x00000000d5580000,0x00000000d5d00000)
  from space 512K, 75% used [0x00000000d6080000,0x00000000d60e0000,0x00000000d6100000)
  to   space 1024K, 0% used [0x00000000d5f00000,0x00000000d5f00000,0x00000000d6000000)
 ParOldGen       total 1386496K, used 1386258K [0x0000000080000000, 0x00000000d4a00000, 0x00000000d5580000)
  object space 1386496K, 99% used [0x0000000080000000,0x00000000d49c4a18,0x00000000d4a00000)
 Metaspace       used 101801K, committed 103808K, reserved 1179648K
  class space    used 9908K, committed 10880K, reserved 1048576K
}
Event: 6150.631 GC heap before
{Heap before GC invocations=15097 (full 11):
 PSYoungGen      total 8192K, used 8064K [0x00000000d5580000, 0x00000000d6100000, 0x0000000100000000)
  eden space 7680K, 100% used [0x00000000d5580000,0x00000000d5d00000,0x00000000d5d00000)
  from space 512K, 75% used [0x00000000d6080000,0x00000000d60e0000,0x00000000d6100000)
  to   space 1024K, 0% used [0x00000000d5f00000,0x00000000d5f00000,0x00000000d6000000)
 ParOldGen       total 1386496K, used 1386258K [0x0000000080000000, 0x00000000d4a00000, 0x00000000d5580000)
  object space 1386496K, 99% used [0x0000000080000000,0x00000000d49c4a18,0x00000000d4a00000)
 Metaspace       used 101801K, committed 103808K, reserved 1179648K
  class space    used 9908K, committed 10880K, reserved 1048576K
}
Event: 6150.637 GC heap after
{Heap after GC invocations=15097 (full 11):
 PSYoungGen      total 8704K, used 993K [0x00000000d5580000, 0x00000000d6d00000, 0x0000000100000000)
  eden space 7680K, 0% used [0x00000000d5580000,0x00000000d5580000,0x00000000d5d00000)
  from space 1024K, 97% used [0x00000000d5f00000,0x00000000d5ff8748,0x00000000d6000000)
  to   space 8192K, 0% used [0x00000000d6500000,0x00000000d6500000,0x00000000d6d00000)
 ParOldGen       total 1392640K, used 1392228K [0x0000000080000000, 0x00000000d5000000, 0x00000000d5580000)
  object space 1392640K, 99% used [0x0000000080000000,0x00000000d4f99160,0x00000000d5000000)
 Metaspace       used 101801K, committed 103808K, reserved 1179648K
  class space    used 9908K, committed 10880K, reserved 1048576K
}
Event: 6150.654 GC heap before
{Heap before GC invocations=15098 (full 12):
 PSYoungGen      total 8704K, used 8630K [0x00000000d5580000, 0x00000000d6d00000, 0x0000000100000000)
  eden space 7680K, 99% used [0x00000000d5580000,0x00000000d5cf5388,0x00000000d5d00000)
  from space 1024K, 97% used [0x00000000d5f00000,0x00000000d5ff8748,0x00000000d6000000)
  to   space 8192K, 0% used [0x00000000d6500000,0x00000000d6500000,0x00000000d6d00000)
 ParOldGen       total 1392640K, used 1392228K [0x0000000080000000, 0x00000000d5000000, 0x00000000d5580000)
  object space 1392640K, 99% used [0x0000000080000000,0x00000000d4f99160,0x00000000d5000000)
 Metaspace       used 101801K, committed 103808K, reserved 1179648K
  class space    used 9908K, committed 10880K, reserved 1048576K
}

